2022/11/07 18:02:30 [INFO] D:/GOPATH/src/gin-template/pkg/middleware/gin-logger.go:38	| 404 |       506.1µs |             ::1 | GET | /helloworld |
2022/11/07 18:02:30 [INFO] D:/GOPATH/src/gin-template/pkg/middleware/gin-logger.go:38	| 404 |            0s |             ::1 | GET | /favicon.ico |
2022/11/07 18:02:33 [INFO] D:/GOPATH/src/gin-template/pkg/middleware/gin-logger.go:38	| 404 |            0s |             ::1 | GET | / |
2022/11/07 18:02:35 [INFO] D:/GOPATH/src/gin-template/pkg/middleware/gin-logger.go:38	| 404 |            0s |             ::1 | GET | / |
2022/11/07 18:02:40 [INFO] D:/GOPATH/src/gin-template/pkg/middleware/gin-logger.go:38	| 200 |         252µs |             ::1 | GET | /v1/ |
2022/11/07 18:02:56 [INFO] D:/GOPATH/src/gin-template/pkg/middleware/gin-logger.go:38	| 404 |       452.5µs |             ::1 | GET | /static/ |
2022/11/07 18:02:58 [INFO] D:/GOPATH/src/gin-template/pkg/middleware/gin-logger.go:38	| 404 |       120.3µs |             ::1 | GET | /static/ |
2022/11/07 18:03:40 [INFO] D:/GOPATH/src/gin-template/pkg/middleware/gin-logger.go:38	| 404 |            0s |             ::1 | GET | /static |
2022/11/07 18:03:40 [INFO] D:/GOPATH/src/gin-template/pkg/middleware/gin-logger.go:38	| 404 |         943µs |             ::1 | GET | /static |
2022/11/07 18:03:41 [INFO] D:/GOPATH/src/gin-template/pkg/middleware/gin-logger.go:38	| 404 |       432.5µs |             ::1 | GET | /static |
2022/11/07 18:03:41 [INFO] D:/GOPATH/src/gin-template/pkg/middleware/gin-logger.go:38	| 404 |       213.4µs |             ::1 | GET | /static |
2022/11/07 18:03:41 [INFO] D:/GOPATH/src/gin-template/pkg/middleware/gin-logger.go:38	| 404 |       916.4µs |             ::1 | GET | /static |
2022/11/07 18:03:43 [INFO] D:/GOPATH/src/gin-template/pkg/middleware/gin-logger.go:38	| 404 |         495µs |             ::1 | GET | /static |
2022/11/07 18:03:44 [INFO] D:/GOPATH/src/gin-template/pkg/middleware/gin-logger.go:38	| 404 |       427.8µs |             ::1 | GET | /static |
2022/11/07 18:03:45 [INFO] D:/GOPATH/src/gin-template/pkg/middleware/gin-logger.go:38	| 404 |       119.8µs |             ::1 | GET | /static |
2022/11/07 18:03:45 [INFO] D:/GOPATH/src/gin-template/pkg/middleware/gin-logger.go:38	| 404 |       283.8µs |             ::1 | GET | /static |
2022/11/07 18:04:13 [INFO] D:/GOPATH/src/gin-template/pkg/middleware/gin-logger.go:38	| 404 |       524.3µs |             ::1 | GET | /static |
2022/11/07 18:04:18 [INFO] D:/GOPATH/src/gin-template/pkg/middleware/gin-logger.go:38	| 301 |       568.2µs |             ::1 | GET | /static |
2022/11/07 18:04:18 [INFO] D:/GOPATH/src/gin-template/pkg/middleware/gin-logger.go:38	| 301 |       367.4µs |             ::1 | GET | /static |
2022/11/07 18:04:18 [INFO] D:/GOPATH/src/gin-template/pkg/middleware/gin-logger.go:38	| 301 |     97.6877ms |             ::1 | GET | /static |
2022/11/07 18:04:18 [INFO] D:/GOPATH/src/gin-template/pkg/middleware/gin-logger.go:38	| 301 |     89.3303ms |             ::1 | GET | /static |
2022/11/07 18:04:18 [INFO] D:/GOPATH/src/gin-template/pkg/middleware/gin-logger.go:38	| 301 |     102.647ms |             ::1 | GET | /static |
2022/11/07 18:04:18 [INFO] D:/GOPATH/src/gin-template/pkg/middleware/gin-logger.go:38	| 301 |      88.689ms |             ::1 | GET | /static |
2022/11/07 18:04:18 [INFO] D:/GOPATH/src/gin-template/pkg/middleware/gin-logger.go:38	| 301 |    104.8346ms |             ::1 | GET | /static |
2022/11/07 18:04:18 [INFO] D:/GOPATH/src/gin-template/pkg/middleware/gin-logger.go:38	| 301 |     88.4656ms |             ::1 | GET | /static |
2022/11/07 18:04:18 [INFO] D:/GOPATH/src/gin-template/pkg/middleware/gin-logger.go:38	| 301 |    104.1644ms |             ::1 | GET | /static |
2022/11/07 18:04:19 [INFO] D:/GOPATH/src/gin-template/pkg/middleware/gin-logger.go:38	| 301 |     89.2267ms |             ::1 | GET | /static |
2022/11/07 18:04:20 [INFO] D:/GOPATH/src/gin-template/pkg/middleware/gin-logger.go:38	| 301 |       420.6µs |             ::1 | GET | /static |
2022/11/07 18:04:20 [INFO] D:/GOPATH/src/gin-template/pkg/middleware/gin-logger.go:38	| 301 |       669.6µs |             ::1 | GET | /static |
2022/11/07 18:04:20 [INFO] D:/GOPATH/src/gin-template/pkg/middleware/gin-logger.go:38	| 301 |    103.1459ms |             ::1 | GET | /static |
2022/11/07 18:04:20 [INFO] D:/GOPATH/src/gin-template/pkg/middleware/gin-logger.go:38	| 301 |     89.2798ms |             ::1 | GET | /static |
2022/11/07 18:04:20 [INFO] D:/GOPATH/src/gin-template/pkg/middleware/gin-logger.go:38	| 301 |    102.0176ms |             ::1 | GET | /static |
2022/11/07 18:04:20 [INFO] D:/GOPATH/src/gin-template/pkg/middleware/gin-logger.go:38	| 301 |     89.0012ms |             ::1 | GET | /static |
2022/11/07 18:04:20 [INFO] D:/GOPATH/src/gin-template/pkg/middleware/gin-logger.go:38	| 301 |     87.9791ms |             ::1 | GET | /static |
2022/11/07 18:04:20 [INFO] D:/GOPATH/src/gin-template/pkg/middleware/gin-logger.go:38	| 301 |     112.092ms |             ::1 | GET | /static |
2022/11/07 18:04:20 [INFO] D:/GOPATH/src/gin-template/pkg/middleware/gin-logger.go:38	| 301 |     88.0691ms |             ::1 | GET | /static |
2022/11/07 18:04:20 [INFO] D:/GOPATH/src/gin-template/pkg/middleware/gin-logger.go:38	| 301 |    104.1723ms |             ::1 | GET | /static |
2022/11/07 18:04:20 [INFO] D:/GOPATH/src/gin-template/pkg/middleware/gin-logger.go:38	| 301 |     88.7074ms |             ::1 | GET | /static |
2022/11/07 18:04:21 [INFO] D:/GOPATH/src/gin-template/pkg/middleware/gin-logger.go:38	| 301 |     102.844ms |             ::1 | GET | /static |
2022/11/07 18:04:21 [INFO] D:/GOPATH/src/gin-template/pkg/middleware/gin-logger.go:38	| 301 |     88.7605ms |             ::1 | GET | /static |
2022/11/07 18:04:21 [INFO] D:/GOPATH/src/gin-template/pkg/middleware/gin-logger.go:38	| 301 |    105.9437ms |             ::1 | GET | /static |
2022/11/07 18:04:21 [INFO] D:/GOPATH/src/gin-template/pkg/middleware/gin-logger.go:38	| 301 |     89.1628ms |             ::1 | GET | /static |
2022/11/07 18:04:21 [INFO] D:/GOPATH/src/gin-template/pkg/middleware/gin-logger.go:38	| 301 |    102.9837ms |             ::1 | GET | /static |
2022/11/07 18:04:21 [INFO] D:/GOPATH/src/gin-template/pkg/middleware/gin-logger.go:38	| 301 |     89.6225ms |             ::1 | GET | /static |
2022/11/07 18:04:22 [INFO] D:/GOPATH/src/gin-template/pkg/middleware/gin-logger.go:38	| 301 |       374.4µs |             ::1 | GET | /static |
2022/11/07 18:04:22 [INFO] D:/GOPATH/src/gin-template/pkg/middleware/gin-logger.go:38	| 301 |       922.9µs |             ::1 | GET | /static |
2022/11/07 18:04:22 [INFO] D:/GOPATH/src/gin-template/pkg/middleware/gin-logger.go:38	| 301 |      92.886ms |             ::1 | GET | /static |
2022/11/07 18:04:22 [INFO] D:/GOPATH/src/gin-template/pkg/middleware/gin-logger.go:38	| 301 |     104.092ms |             ::1 | GET | /static |
2022/11/07 18:04:22 [INFO] D:/GOPATH/src/gin-template/pkg/middleware/gin-logger.go:38	| 301 |     85.1193ms |             ::1 | GET | /static |
2022/11/07 18:04:22 [INFO] D:/GOPATH/src/gin-template/pkg/middleware/gin-logger.go:38	| 301 |    104.1876ms |             ::1 | GET | /static |
2022/11/07 18:04:23 [INFO] D:/GOPATH/src/gin-template/pkg/middleware/gin-logger.go:38	| 301 |     86.7733ms |             ::1 | GET | /static |
2022/11/07 18:04:23 [INFO] D:/GOPATH/src/gin-template/pkg/middleware/gin-logger.go:38	| 301 |    102.7205ms |             ::1 | GET | /static |
2022/11/07 18:04:23 [INFO] D:/GOPATH/src/gin-template/pkg/middleware/gin-logger.go:38	| 301 |     86.1782ms |             ::1 | GET | /static |
2022/11/07 18:04:23 [INFO] D:/GOPATH/src/gin-template/pkg/middleware/gin-logger.go:38	| 301 |     91.2168ms |             ::1 | GET | /static |
2022/11/07 18:04:27 [INFO] D:/GOPATH/src/gin-template/pkg/middleware/gin-logger.go:38	| 301 |       301.1µs |             ::1 | GET | /static |
2022/11/07 18:04:27 [INFO] D:/GOPATH/src/gin-template/pkg/middleware/gin-logger.go:38	| 301 |         836µs |             ::1 | GET | /static |
2022/11/07 18:04:27 [INFO] D:/GOPATH/src/gin-template/pkg/middleware/gin-logger.go:38	| 301 |     88.8434ms |             ::1 | GET | /static |
2022/11/07 18:04:27 [INFO] D:/GOPATH/src/gin-template/pkg/middleware/gin-logger.go:38	| 301 |    101.8013ms |             ::1 | GET | /static |
2022/11/07 18:04:27 [INFO] D:/GOPATH/src/gin-template/pkg/middleware/gin-logger.go:38	| 301 |    102.3866ms |             ::1 | GET | /static |
2022/11/07 18:04:27 [INFO] D:/GOPATH/src/gin-template/pkg/middleware/gin-logger.go:38	| 301 |     87.7588ms |             ::1 | GET | /static |
2022/11/07 18:04:27 [INFO] D:/GOPATH/src/gin-template/pkg/middleware/gin-logger.go:38	| 301 |     87.3589ms |             ::1 | GET | /static |
2022/11/07 18:04:27 [INFO] D:/GOPATH/src/gin-template/pkg/middleware/gin-logger.go:38	| 301 |    103.5781ms |             ::1 | GET | /static |
2022/11/07 18:04:27 [INFO] D:/GOPATH/src/gin-template/pkg/middleware/gin-logger.go:38	| 301 |      88.708ms |             ::1 | GET | /static |
2022/11/07 18:04:28 [INFO] D:/GOPATH/src/gin-template/pkg/middleware/gin-logger.go:38	| 301 |    105.0612ms |             ::1 | GET | /static |
2022/11/07 18:04:28 [INFO] D:/GOPATH/src/gin-template/pkg/middleware/gin-logger.go:38	| 301 |       532.1µs |             ::1 | GET | /static |
2022/11/07 18:04:28 [INFO] D:/GOPATH/src/gin-template/pkg/middleware/gin-logger.go:38	| 301 |       895.1µs |             ::1 | GET | /static |
2022/11/07 18:04:28 [INFO] D:/GOPATH/src/gin-template/pkg/middleware/gin-logger.go:38	| 301 |      90.787ms |             ::1 | GET | /static |
2022/11/07 18:04:29 [INFO] D:/GOPATH/src/gin-template/pkg/middleware/gin-logger.go:38	| 301 |    105.3049ms |             ::1 | GET | /static |
2022/11/07 18:04:29 [INFO] D:/GOPATH/src/gin-template/pkg/middleware/gin-logger.go:38	| 301 |       91.02ms |             ::1 | GET | /static |
2022/11/07 18:04:29 [INFO] D:/GOPATH/src/gin-template/pkg/middleware/gin-logger.go:38	| 301 |     89.3094ms |             ::1 | GET | /static |
2022/11/07 18:04:29 [INFO] D:/GOPATH/src/gin-template/pkg/middleware/gin-logger.go:38	| 301 |    103.4353ms |             ::1 | GET | /static |
2022/11/07 18:04:29 [INFO] D:/GOPATH/src/gin-template/pkg/middleware/gin-logger.go:38	| 301 |     86.9972ms |             ::1 | GET | /static |
2022/11/07 18:04:29 [INFO] D:/GOPATH/src/gin-template/pkg/middleware/gin-logger.go:38	| 301 |    105.5894ms |             ::1 | GET | /static |
2022/11/07 18:04:29 [INFO] D:/GOPATH/src/gin-template/pkg/middleware/gin-logger.go:38	| 301 |     87.5514ms |             ::1 | GET | /static |
2022/11/07 18:04:34 [INFO] D:/GOPATH/src/gin-template/pkg/middleware/gin-logger.go:38	| 301 |       250.6µs |             ::1 | GET | /static |
2022/11/07 18:04:34 [INFO] D:/GOPATH/src/gin-template/pkg/middleware/gin-logger.go:38	| 301 |       110.4µs |             ::1 | GET | /static |
2022/11/07 18:04:34 [INFO] D:/GOPATH/src/gin-template/pkg/middleware/gin-logger.go:38	| 301 |     97.4203ms |             ::1 | GET | /static |
2022/11/07 18:04:34 [INFO] D:/GOPATH/src/gin-template/pkg/middleware/gin-logger.go:38	| 301 |     89.2754ms |             ::1 | GET | /static |
2022/11/07 18:04:35 [INFO] D:/GOPATH/src/gin-template/pkg/middleware/gin-logger.go:38	| 301 |     102.844ms |             ::1 | GET | /static |
2022/11/07 18:04:35 [INFO] D:/GOPATH/src/gin-template/pkg/middleware/gin-logger.go:38	| 301 |      89.208ms |             ::1 | GET | /static |
2022/11/07 18:04:35 [INFO] D:/GOPATH/src/gin-template/pkg/middleware/gin-logger.go:38	| 301 |     104.727ms |             ::1 | GET | /static |
2022/11/07 18:04:35 [INFO] D:/GOPATH/src/gin-template/pkg/middleware/gin-logger.go:38	| 301 |     87.3971ms |             ::1 | GET | /static |
2022/11/07 18:04:35 [INFO] D:/GOPATH/src/gin-template/pkg/middleware/gin-logger.go:38	| 301 |     88.8908ms |             ::1 | GET | /static |
2022/11/07 18:04:35 [INFO] D:/GOPATH/src/gin-template/pkg/middleware/gin-logger.go:38	| 301 |    104.2391ms |             ::1 | GET | /static |
2022/11/07 18:04:48 [INFO] D:/GOPATH/src/gin-template/pkg/middleware/gin-logger.go:38	| 301 |       412.7µs |             ::1 | GET | /static |
2022/11/07 18:04:48 [INFO] D:/GOPATH/src/gin-template/pkg/middleware/gin-logger.go:38	| 301 |       830.2µs |             ::1 | GET | /static |
2022/11/07 18:04:49 [INFO] D:/GOPATH/src/gin-template/pkg/middleware/gin-logger.go:38	| 301 |    100.9178ms |             ::1 | GET | /static |
2022/11/07 18:04:49 [INFO] D:/GOPATH/src/gin-template/pkg/middleware/gin-logger.go:38	| 301 |      88.691ms |             ::1 | GET | /static |
2022/11/07 18:04:49 [INFO] D:/GOPATH/src/gin-template/pkg/middleware/gin-logger.go:38	| 301 |     88.8998ms |             ::1 | GET | /static |
2022/11/07 18:04:49 [INFO] D:/GOPATH/src/gin-template/pkg/middleware/gin-logger.go:38	| 301 |    106.2094ms |             ::1 | GET | /static |
2022/11/07 18:04:49 [INFO] D:/GOPATH/src/gin-template/pkg/middleware/gin-logger.go:38	| 301 |     86.8712ms |             ::1 | GET | /static |
2022/11/07 18:04:49 [INFO] D:/GOPATH/src/gin-template/pkg/middleware/gin-logger.go:38	| 301 |    104.7051ms |             ::1 | GET | /static |
2022/11/07 18:04:49 [INFO] D:/GOPATH/src/gin-template/pkg/middleware/gin-logger.go:38	| 301 |     85.9829ms |             ::1 | GET | /static |
2022/11/07 18:04:49 [INFO] D:/GOPATH/src/gin-template/pkg/middleware/gin-logger.go:38	| 301 |    104.7112ms |             ::1 | GET | /static |
2022/11/07 18:05:19 [INFO] D:/GOPATH/src/gin-template/pkg/middleware/gin-logger.go:38	| 301 |      1.0009ms |             ::1 | GET | /static |
2022/11/07 18:05:19 [INFO] D:/GOPATH/src/gin-template/pkg/middleware/gin-logger.go:38	| 301 |       356.3µs |             ::1 | GET | /static |
2022/11/07 18:05:19 [INFO] D:/GOPATH/src/gin-template/pkg/middleware/gin-logger.go:38	| 301 |    100.2756ms |             ::1 | GET | /static |
2022/11/07 18:05:19 [INFO] D:/GOPATH/src/gin-template/pkg/middleware/gin-logger.go:38	| 301 |     88.6276ms |             ::1 | GET | /static |
2022/11/07 18:05:20 [INFO] D:/GOPATH/src/gin-template/pkg/middleware/gin-logger.go:38	| 301 |     103.125ms |             ::1 | GET | /static |
2022/11/07 18:05:20 [INFO] D:/GOPATH/src/gin-template/pkg/middleware/gin-logger.go:38	| 301 |     86.7481ms |             ::1 | GET | /static |
2022/11/07 18:05:20 [INFO] D:/GOPATH/src/gin-template/pkg/middleware/gin-logger.go:38	| 301 |     105.912ms |             ::1 | GET | /static |
2022/11/07 18:05:20 [INFO] D:/GOPATH/src/gin-template/pkg/middleware/gin-logger.go:38	| 301 |     86.6929ms |             ::1 | GET | /static |
2022/11/07 18:05:20 [INFO] D:/GOPATH/src/gin-template/pkg/middleware/gin-logger.go:38	| 301 |     91.6231ms |             ::1 | GET | /static |
2022/11/07 18:05:20 [INFO] D:/GOPATH/src/gin-template/pkg/middleware/gin-logger.go:38	| 301 |    104.5067ms |             ::1 | GET | /static |
